kotlin version: 2.0.21
error message: Incremental compilation failed: Failed to close caches
org.jetbrains.kotlin.incremental.CachesManagerCloseException: Failed to close caches
	at org.jetbrains.kotlin.incremental.BaseCompilationTransaction.closeCachesManager(CompilationTransaction.kt:126)
	at org.jetbrains.kotlin.incremental.RecoverableCompilationTransaction.close(CompilationTransaction.kt:251)
	at org.jetbrains.kotlin.incremental.IncrementalCompilerRunner.tryCompileIncrementally(IncrementalCompilerRunner.kt:747)
	at org.jetbrains.kotlin.incremental.IncrementalCompilerRunner.compile(IncrementalCompilerRunner.kt:120)
	at org.jetbrains.kotlin.daemon.CompileServiceImplBase.execIncrementalCompiler(CompileServiceImpl.kt:675)
	at org.jetbrains.kotlin.daemon.CompileServiceImplBase.access$execIncrementalCompiler(CompileServiceImpl.kt:92)
	at org.jetbrains.kotlin.daemon.CompileServiceImpl.compile(CompileServiceImpl.kt:1660)
	at java.base/jdk.internal.reflect.DirectMethodHandleAccessor.invoke(Unknown Source)
	at java.base/java.lang.reflect.Method.invoke(Unknown Source)
	at java.rmi/sun.rmi.server.UnicastServerRef.dispatch(Unknown Source)
	at java.rmi/sun.rmi.transport.Transport$1.run(Unknown Source)
	at java.rmi/sun.rmi.transport.Transport$1.run(Unknown Source)
	at java.base/java.security.AccessController.doPrivileged(Unknown Source)
	at java.rmi/sun.rmi.transport.Transport.serviceCall(Unknown Source)
	at java.rmi/sun.rmi.transport.tcp.TCPTransport.handleMessages(Unknown Source)
	at java.rmi/sun.rmi.transport.tcp.TCPTransport$ConnectionHandler.run0(Unknown Source)
	at java.rmi/sun.rmi.transport.tcp.TCPTransport$ConnectionHandler.lambda$run$0(Unknown Source)
	at java.base/java.security.AccessController.doPrivileged(Unknown Source)
	at java.rmi/sun.rmi.transport.tcp.TCPTransport$ConnectionHandler.run(Unknown Source)
	at java.base/java.util.concurrent.ThreadPoolExecutor.runWorker(Unknown Source)
	at java.base/java.util.concurrent.ThreadPoolExecutor$Worker.run(Unknown Source)
	at java.base/java.lang.Thread.run(Unknown Source)
Caused by: java.lang.AssertionError: java.lang.Exception: Could not close incremental caches in /Users/errickmiron/StudioProjects/AstroStatsAndroid/app/build/kotlin/kaptGenerateStubsDebugKotlin/cacheable/caches-jvm/lookups: lookups.tab
	at org.jetbrains.kotlin.com.google.common.io.Closer.close(Closer.java:236)
	at org.jetbrains.kotlin.incremental.IncrementalCachesManager.close(IncrementalCachesManager.kt:55)
	at org.jetbrains.kotlin.incremental.BaseCompilationTransaction.closeCachesManager(CompilationTransaction.kt:123)
	... 21 more
Caused by: java.lang.Exception: Could not close incremental caches in /Users/errickmiron/StudioProjects/AstroStatsAndroid/app/build/kotlin/kaptGenerateStubsDebugKotlin/cacheable/caches-jvm/lookups: lookups.tab
	at org.jetbrains.kotlin.incremental.storage.BasicMapsOwner.forEachMapSafe(BasicMapsOwner.kt:95)
	at org.jetbrains.kotlin.incremental.storage.BasicMapsOwner.close(BasicMapsOwner.kt:53)
	at org.jetbrains.kotlin.incremental.LookupStorage.close(LookupStorage.kt:155)
	at org.jetbrains.kotlin.com.google.common.io.Closer.close(Closer.java:223)
	... 23 more
	Suppressed: java.io.IOException: writePrevChunkAddress:32654,655246,/Users/errickmiron/StudioProjects/AstroStatsAndroid/app/build/kotlin/kaptGenerateStubsDebugKotlin/cacheable/caches-jvm/lookups/lookups.tab.values
		at org.jetbrains.kotlin.com.intellij.util.io.PersistentHashMapValueStorage.saveHeader(PersistentHashMapValueStorage.java:301)
		at org.jetbrains.kotlin.com.intellij.util.io.PersistentHashMapValueStorage.doAppendBytes(PersistentHashMapValueStorage.java:283)
		at org.jetbrains.kotlin.com.intellij.util.io.PersistentHashMapValueStorage.appendBytes(PersistentHashMapValueStorage.java:251)
		at org.jetbrains.kotlin.com.intellij.util.io.PersistentHashMapValueStorage.appendBytes(PersistentHashMapValueStorage.java:219)
		at org.jetbrains.kotlin.com.intellij.util.io.PersistentMapImpl$2.onDropFromCache(PersistentMapImpl.java:288)
		at org.jetbrains.kotlin.com.intellij.util.io.PersistentMapImpl$2.onDropFromCache(PersistentMapImpl.java:267)
		at org.jetbrains.kotlin.com.intellij.util.containers.SLRUMap.clear(SLRUMap.java:132)
		at org.jetbrains.kotlin.com.intellij.util.io.PersistentMapImpl.flushAppendCache(PersistentMapImpl.java:1005)
		at org.jetbrains.kotlin.com.intellij.util.io.PersistentMapImpl.doClose(PersistentMapImpl.java:871)
		at org.jetbrains.kotlin.com.intellij.util.io.PersistentMapImpl.close(PersistentMapImpl.java:855)
		at org.jetbrains.kotlin.com.intellij.util.io.PersistentMapImpl.close(PersistentMapImpl.java:832)
		at org.jetbrains.kotlin.com.intellij.util.io.PersistentHashMap.close(PersistentHashMap.java:226)
		at org.jetbrains.kotlin.incremental.storage.LazyStorage.close(LazyStorage.kt:96)
		at org.jetbrains.kotlin.incremental.storage.InMemoryStorage.close(InMemoryStorage.kt:137)
		at org.jetbrains.kotlin.incremental.storage.AppendableSetBasicMap.close(BasicMap.kt:157)
		at org.jetbrains.kotlin.incremental.storage.BasicMapsOwner$close$1.invoke(BasicMapsOwner.kt:53)
		at org.jetbrains.kotlin.incremental.storage.BasicMapsOwner$close$1.invoke(BasicMapsOwner.kt:53)
		at org.jetbrains.kotlin.incremental.storage.BasicMapsOwner.forEachMapSafe(BasicMapsOwner.kt:87)
		... 26 more


